==========================================
FXSwap Volatility Analysis
==========================================

Found 12 pools to analyze

[1/12] Analyzing pool index 0...
  Pool: USDC/WETH A2-5 (base)
fxswaps_path: /home/user/fxswap-research/config/fxswaps.json
Loaded 12 pools from fxswaps.json
Analyzing pool: USDC/WETH A2-5
token0_decimals: 6, token1_decimals: 18
Found 5340 price entries
Found 5340 donation entries
Found 5340 supply/TVL entries

=== Correlation Analysis ===
Correlation matrix shape: (5338, 7)

Correlation Matrix:
                     volatility_std  ...  rebalance_count_7d
volatility_std             1.000000  ...            0.473397
volatility_realized        0.550440  ...            0.911678
volatility_range           0.555545  ...            0.654213
delta_abs_ma               0.846891  ...            0.699632
cost_usd_7d                0.594224  ...            0.939056
cost_pct_tvl_7d            0.595169  ...            0.940332
rebalance_count_7d         0.473397  ...            1.000000

[7 rows x 7 columns]

=== Key Correlations ===
Volatility (Std) vs Cost/TVL: 0.595
Volatility (Std) vs Rebalance Frequency: 0.473
Price Delta (abs) vs Cost/TVL: 0.832

=== Summary Statistics ===

Price Statistics:
  Mean Price: $3557.2122
  Price Range: $3078.1856 - $3912.9008
  Mean 7D Volatility (Std): 3.32%
  Mean 7D Volatility (Realized): 150.34%
  Mean 7D Price Range: 16.15%

Rebalancing Cost Statistics:
  Total Rebalancing Events: 971
  Total Cost (USD): $17.89
  Average Cost per Event: $0.02
  Mean TVL: $3896.56
  Total Cost as % of Mean TVL: 0.4590%

Figure dimensions: 12.93 days, width: 4280 px (108.7 cm)

=== Creating Chart 1: Comprehensive Time Series ===
Chart 1 saved to: plots/base/volatility/USDC_WETHA2-5_volatility_timeseries.png

=== Creating Chart 2: Correlation Scatter Plots ===
Chart 2 saved to: plots/base/volatility/USDC_WETHA2-5_volatility_correlations.png

=== Creating Chart 3: Distribution Analysis ===
Chart 3 saved to: plots/base/volatility/USDC_WETHA2-5_volatility_distributions.png

============================================================
Analysis complete for USDC/WETH A2-5
All charts saved to: plots/base/volatility
============================================================
  ✓ Success

[2/12] Analyzing pool index 1...
  Pool: USDC/WETH A5-5 (base)
fxswaps_path: /home/user/fxswap-research/config/fxswaps.json
Loaded 12 pools from fxswaps.json
Analyzing pool: USDC/WETH A5-5
token0_decimals: 6, token1_decimals: 18
Found 5336 price entries
Found 5336 donation entries
Found 5336 supply/TVL entries

=== Correlation Analysis ===
Correlation matrix shape: (5334, 7)

Correlation Matrix:
                     volatility_std  ...  rebalance_count_7d
volatility_std             1.000000  ...            0.234777
volatility_realized        0.416293  ...            0.844003
volatility_range           0.454436  ...            0.594441
delta_abs_ma               0.550759  ...            0.794710
cost_usd_7d                0.374334  ...            0.965223
cost_pct_tvl_7d            0.374537  ...            0.965706
rebalance_count_7d         0.234777  ...            1.000000

[7 rows x 7 columns]

=== Key Correlations ===
Volatility (Std) vs Cost/TVL: 0.375
Volatility (Std) vs Rebalance Frequency: 0.235
Price Delta (abs) vs Cost/TVL: 0.907

=== Summary Statistics ===

Price Statistics:
  Mean Price: $3556.8086
  Price Range: $3067.5647 - $3908.3845
  Mean 7D Volatility (Std): 3.40%
  Mean 7D Volatility (Realized): 152.68%
  Mean 7D Price Range: 16.26%

Rebalancing Cost Statistics:
  Total Rebalancing Events: 1073
  Total Cost (USD): $26.11
  Average Cost per Event: $0.02
  Mean TVL: $3900.75
  Total Cost as % of Mean TVL: 0.6692%

Figure dimensions: 12.93 days, width: 4279 px (108.7 cm)

=== Creating Chart 1: Comprehensive Time Series ===
Chart 1 saved to: plots/base/volatility/USDC_WETHA5-5_volatility_timeseries.png

=== Creating Chart 2: Correlation Scatter Plots ===
Chart 2 saved to: plots/base/volatility/USDC_WETHA5-5_volatility_correlations.png

=== Creating Chart 3: Distribution Analysis ===
Chart 3 saved to: plots/base/volatility/USDC_WETHA5-5_volatility_distributions.png

============================================================
Analysis complete for USDC/WETH A5-5
All charts saved to: plots/base/volatility
============================================================
  ✓ Success

[3/12] Analyzing pool index 2...
  Pool: USDC/WETH A20-5 (base)
fxswaps_path: /home/user/fxswap-research/config/fxswaps.json
Loaded 12 pools from fxswaps.json
Analyzing pool: USDC/WETH A20-5
token0_decimals: 6, token1_decimals: 18
Found 5307 price entries
Found 5307 donation entries
Found 5307 supply/TVL entries

=== Correlation Analysis ===
Correlation matrix shape: (5305, 7)

Correlation Matrix:
                     volatility_std  ...  rebalance_count_7d
volatility_std             1.000000  ...            0.232312
volatility_realized        0.363574  ...            0.954743
volatility_range           0.412159  ...            0.858951
delta_abs_ma               0.433185  ...            0.817690
cost_usd_7d                0.223952  ...            0.769442
cost_pct_tvl_7d            0.226219  ...            0.768085
rebalance_count_7d         0.232312  ...            1.000000

[7 rows x 7 columns]

=== Key Correlations ===
Volatility (Std) vs Cost/TVL: 0.226
Volatility (Std) vs Rebalance Frequency: 0.232
Price Delta (abs) vs Cost/TVL: 0.927

=== Summary Statistics ===

Price Statistics:
  Mean Price: $3555.0602
  Price Range: $3120.9415 - $3913.1197
  Mean 7D Volatility (Std): 3.21%
  Mean 7D Volatility (Realized): 143.38%
  Mean 7D Price Range: 15.59%

Rebalancing Cost Statistics:
  Total Rebalancing Events: 1227
  Total Cost (USD): $42.82
  Average Cost per Event: $0.03
  Mean TVL: $3950.28
  Total Cost as % of Mean TVL: 1.0841%

Figure dimensions: 12.92 days, width: 4277 px (108.6 cm)

=== Creating Chart 1: Comprehensive Time Series ===
Chart 1 saved to: plots/base/volatility/USDC_WETHA20-5_volatility_timeseries.png

=== Creating Chart 2: Correlation Scatter Plots ===
Chart 2 saved to: plots/base/volatility/USDC_WETHA20-5_volatility_correlations.png

=== Creating Chart 3: Distribution Analysis ===
Chart 3 saved to: plots/base/volatility/USDC_WETHA20-5_volatility_distributions.png

============================================================
Analysis complete for USDC/WETH A20-5
All charts saved to: plots/base/volatility
============================================================
  ✓ Success

[4/12] Analyzing pool index 3...
  Pool: USDC/WETH A40-5 (base)
fxswaps_path: /home/user/fxswap-research/config/fxswaps.json
Loaded 12 pools from fxswaps.json
Analyzing pool: USDC/WETH A40-5
token0_decimals: 6, token1_decimals: 18
Found 5158 price entries
Found 5158 donation entries
Found 5158 supply/TVL entries

=== Correlation Analysis ===
Correlation matrix shape: (5156, 7)

Correlation Matrix:
                     volatility_std  ...  rebalance_count_7d
volatility_std             1.000000  ...            0.761628
volatility_realized        0.871780  ...            0.952723
volatility_range           0.836660  ...            0.794903
delta_abs_ma               0.767370  ...            0.883924
cost_usd_7d                0.578522  ...            0.843494
cost_pct_tvl_7d            0.582335  ...            0.846307
rebalance_count_7d         0.761628  ...            1.000000

[7 rows x 7 columns]

=== Key Correlations ===
Volatility (Std) vs Cost/TVL: 0.582
Volatility (Std) vs Rebalance Frequency: 0.762
Price Delta (abs) vs Cost/TVL: 0.933

=== Summary Statistics ===

Price Statistics:
  Mean Price: $3548.0527
  Price Range: $3105.3175 - $3912.2133
  Mean 7D Volatility (Std): 3.20%
  Mean 7D Volatility (Realized): 148.43%
  Mean 7D Price Range: 15.51%

Rebalancing Cost Statistics:
  Total Rebalancing Events: 1511
  Total Cost (USD): $43.19
  Average Cost per Event: $0.03
  Mean TVL: $3949.23
  Total Cost as % of Mean TVL: 1.0937%

Figure dimensions: 12.24 days, width: 4051 px (102.9 cm)

=== Creating Chart 1: Comprehensive Time Series ===
Chart 1 saved to: plots/base/volatility/USDC_WETHA40-5_volatility_timeseries.png

=== Creating Chart 2: Correlation Scatter Plots ===
Chart 2 saved to: plots/base/volatility/USDC_WETHA40-5_volatility_correlations.png

=== Creating Chart 3: Distribution Analysis ===
Chart 3 saved to: plots/base/volatility/USDC_WETHA40-5_volatility_distributions.png

============================================================
Analysis complete for USDC/WETH A40-5
All charts saved to: plots/base/volatility
============================================================
  ✓ Success

[5/12] Analyzing pool index 4...
  Pool: USDC/AERO A20-15 (base)
fxswaps_path: /home/user/fxswap-research/config/fxswaps.json
Loaded 12 pools from fxswaps.json
Analyzing pool: USDC/AERO A20-15
token0_decimals: 6, token1_decimals: 18
Found 5100 price entries
Found 5100 donation entries
Found 5100 supply/TVL entries

=== Correlation Analysis ===
Correlation matrix shape: (5098, 7)

Correlation Matrix:
                     volatility_std  ...  rebalance_count_7d
volatility_std             1.000000  ...            0.799370
volatility_realized        0.887266  ...            0.938427
volatility_range           0.761935  ...            0.696828
delta_abs_ma               0.681167  ...            0.496838
cost_usd_7d                0.795400  ...            0.831940
cost_pct_tvl_7d            0.473482  ...            0.667507
rebalance_count_7d         0.799370  ...            1.000000

[7 rows x 7 columns]

=== Key Correlations ===
Volatility (Std) vs Cost/TVL: 0.473
Volatility (Std) vs Rebalance Frequency: 0.799
Price Delta (abs) vs Cost/TVL: 0.111

=== Summary Statistics ===

Price Statistics:
  Mean Price: $0.9884
  Price Range: $0.7506 - $1.2900
  Mean 7D Volatility (Std): 4.38%
  Mean 7D Volatility (Realized): 204.75%
  Mean 7D Price Range: 29.86%

Rebalancing Cost Statistics:
  Total Rebalancing Events: 1069
  Total Cost (USD): $5.08
  Average Cost per Event: $0.00
  Mean TVL: $2336.92
  Total Cost as % of Mean TVL: 0.2173%

Figure dimensions: 11.97 days, width: 3963 px (100.7 cm)

=== Creating Chart 1: Comprehensive Time Series ===
Chart 1 saved to: plots/base/volatility/USDC_AEROA20-15_volatility_timeseries.png

=== Creating Chart 2: Correlation Scatter Plots ===
Chart 2 saved to: plots/base/volatility/USDC_AEROA20-15_volatility_correlations.png

=== Creating Chart 3: Distribution Analysis ===
Chart 3 saved to: plots/base/volatility/USDC_AEROA20-15_volatility_distributions.png

============================================================
Analysis complete for USDC/AERO A20-15
All charts saved to: plots/base/volatility
============================================================
  ✓ Success

[6/12] Analyzing pool index 5...
  Pool: USDC/WETH A80-5 (base)
fxswaps_path: /home/user/fxswap-research/config/fxswaps.json
Loaded 12 pools from fxswaps.json
Analyzing pool: USDC/WETH A80-5
token0_decimals: 6, token1_decimals: 18
Found 2125 price entries
Found 2125 donation entries
Found 2125 supply/TVL entries

=== Correlation Analysis ===
Correlation matrix shape: (2123, 7)

Correlation Matrix:
                     volatility_std  ...  rebalance_count_7d
volatility_std             1.000000  ...            0.059432
volatility_realized        0.107237  ...            0.982202
volatility_range           0.118567  ...            0.921054
delta_abs_ma              -0.341516  ...           -0.671989
cost_usd_7d                0.071655  ...            0.973732
cost_pct_tvl_7d            0.072402  ...            0.971801
rebalance_count_7d         0.059432  ...            1.000000

[7 rows x 7 columns]

=== Key Correlations ===
Volatility (Std) vs Cost/TVL: 0.072
Volatility (Std) vs Rebalance Frequency: 0.059
Price Delta (abs) vs Cost/TVL: -0.682

=== Summary Statistics ===

Price Statistics:
  Mean Price: $3490.1397
  Price Range: $3280.9665 - $3635.3273
  Mean 7D Volatility (Std): 2.35%
  Mean 7D Volatility (Realized): 71.60%
  Mean 7D Price Range: 7.67%

Rebalancing Cost Statistics:
  Total Rebalancing Events: 66
  Total Cost (USD): $0.60
  Average Cost per Event: $0.01
  Mean TVL: $344.45
  Total Cost as % of Mean TVL: 0.1732%

Figure dimensions: 4.92 days, width: 1628 px (41.3 cm)

=== Creating Chart 1: Comprehensive Time Series ===
Chart 1 saved to: plots/base/volatility/USDC_WETHA80-5_volatility_timeseries.png

=== Creating Chart 2: Correlation Scatter Plots ===
Chart 2 saved to: plots/base/volatility/USDC_WETHA80-5_volatility_correlations.png

=== Creating Chart 3: Distribution Analysis ===
Chart 3 saved to: plots/base/volatility/USDC_WETHA80-5_volatility_distributions.png

============================================================
Analysis complete for USDC/WETH A80-5
All charts saved to: plots/base/volatility
============================================================
  ✓ Success

[7/12] Analyzing pool index 6...
  Pool: USDC/WETH A80-5 2 (base)
fxswaps_path: /home/user/fxswap-research/config/fxswaps.json
Loaded 12 pools from fxswaps.json
Analyzing pool: USDC/WETH A80-5 2
token0_decimals: 6, token1_decimals: 18
Found 1244 price entries
Found 1244 donation entries
Found 1244 supply/TVL entries

=== Correlation Analysis ===
Correlation matrix shape: (1242, 7)

Correlation Matrix:
                     volatility_std  ...  rebalance_count_7d
volatility_std             1.000000  ...            0.271089
volatility_realized        0.554542  ...            0.894747
volatility_range           0.405338  ...            0.839078
delta_abs_ma               0.351944  ...            0.674547
cost_usd_7d                0.254749  ...            0.956872
cost_pct_tvl_7d            0.532395  ...            0.887490
rebalance_count_7d         0.271089  ...            1.000000

[7 rows x 7 columns]

=== Key Correlations ===
Volatility (Std) vs Cost/TVL: 0.532
Volatility (Std) vs Rebalance Frequency: 0.271
Price Delta (abs) vs Cost/TVL: 0.584

=== Summary Statistics ===

Price Statistics:
  Mean Price: $3483.3573
  Price Range: $3363.1230 - $3647.7801
  Mean 7D Volatility (Std): 1.94%
  Mean 7D Volatility (Realized): 46.99%
  Mean 7D Price Range: 4.25%

Rebalancing Cost Statistics:
  Total Rebalancing Events: 73
  Total Cost (USD): $1.72
  Average Cost per Event: $0.02
  Mean TVL: $2619.14
  Total Cost as % of Mean TVL: 0.0658%

Figure dimensions: 2.88 days, width: 952 px (30.0 cm)

=== Creating Chart 1: Comprehensive Time Series ===
Chart 1 saved to: plots/base/volatility/USDC_WETHA80-52_volatility_timeseries.png

=== Creating Chart 2: Correlation Scatter Plots ===
Chart 2 saved to: plots/base/volatility/USDC_WETHA80-52_volatility_correlations.png

=== Creating Chart 3: Distribution Analysis ===
Chart 3 saved to: plots/base/volatility/USDC_WETHA80-52_volatility_distributions.png

============================================================
Analysis complete for USDC/WETH A80-5 2
All charts saved to: plots/base/volatility
============================================================
  ✓ Success

[8/12] Analyzing pool index 7...
  Pool: YB crvUSD/tBTC (ethereum)
fxswaps_path: /home/user/fxswap-research/config/fxswaps.json
Loaded 12 pools from fxswaps.json
Analyzing pool: YB crvUSD/tBTC
token0_decimals: 18, token1_decimals: 18
Found 5342 price entries
Found 5342 donation entries
Found 5342 supply/TVL entries

=== Correlation Analysis ===
Correlation matrix shape: (5340, 7)

Correlation Matrix:
                     volatility_std  ...  rebalance_count_7d
volatility_std             1.000000  ...            0.126580
volatility_realized        0.405451  ...            0.831412
volatility_range           0.399536  ...            0.584646
delta_abs_ma              -0.246369  ...            0.591486
cost_usd_7d               -0.188704  ...            0.819886
cost_pct_tvl_7d           -0.192955  ...            0.814917
rebalance_count_7d         0.126580  ...            1.000000

[7 rows x 7 columns]

=== Key Correlations ===
Volatility (Std) vs Cost/TVL: -0.193
Volatility (Std) vs Rebalance Frequency: 0.127
Price Delta (abs) vs Cost/TVL: 0.916

=== Summary Statistics ===

Price Statistics:
  Mean Price: $106072.9115
  Price Range: $100179.5784 - $114554.8798
  Mean 7D Volatility (Std): 0.80%
  Mean 7D Volatility (Realized): 34.14%
  Mean 7D Price Range: 7.91%

Rebalancing Cost Statistics:
  Total Rebalancing Events: 565
  Total Cost (USD): $112403.25
  Average Cost per Event: $198.94
  Mean TVL: $100685347.73
  Total Cost as % of Mean TVL: 0.1116%

Figure dimensions: 14.94 days, width: 4947 px (125.6 cm)

=== Creating Chart 1: Comprehensive Time Series ===
Chart 1 saved to: plots/ethereum/volatility/YBcrvUSD_tBTC_volatility_timeseries.png

=== Creating Chart 2: Correlation Scatter Plots ===
Chart 2 saved to: plots/ethereum/volatility/YBcrvUSD_tBTC_volatility_correlations.png

=== Creating Chart 3: Distribution Analysis ===
Chart 3 saved to: plots/ethereum/volatility/YBcrvUSD_tBTC_volatility_distributions.png

============================================================
Analysis complete for YB crvUSD/tBTC
All charts saved to: plots/ethereum/volatility
============================================================
  ✓ Success

[9/12] Analyzing pool index 8...
  Pool: crvUSD/ZCHF (ethereum)
fxswaps_path: /home/user/fxswap-research/config/fxswaps.json
Loaded 12 pools from fxswaps.json
Analyzing pool: crvUSD/ZCHF
token0_decimals: 18, token1_decimals: 18
Found 5342 price entries
Found 5342 donation entries
Found 5342 supply/TVL entries

=== Correlation Analysis ===
Correlation matrix shape: (5340, 7)

Correlation Matrix:
                     volatility_std  ...  rebalance_count_7d
volatility_std             1.000000  ...            0.596468
volatility_realized        0.948037  ...            0.672686
volatility_range           0.884867  ...            0.457611
delta_abs_ma               0.830188  ...            0.414238
cost_usd_7d                0.732683  ...            0.923867
cost_pct_tvl_7d            0.732667  ...            0.923800
rebalance_count_7d         0.596468  ...            1.000000

[7 rows x 7 columns]

=== Key Correlations ===
Volatility (Std) vs Cost/TVL: 0.733
Volatility (Std) vs Rebalance Frequency: 0.596
Price Delta (abs) vs Cost/TVL: 0.598

=== Summary Statistics ===

Price Statistics:
  Mean Price: $1.2443
  Price Range: $1.2260 - $1.2594
  Mean 7D Volatility (Std): 0.50%
  Mean 7D Volatility (Realized): 22.25%
  Mean 7D Price Range: 1.55%

Rebalancing Cost Statistics:
  Total Rebalancing Events: 21
  Total Cost (USD): $7.48
  Average Cost per Event: $0.36
  Mean TVL: $20019.86
  Total Cost as % of Mean TVL: 0.0374%

Figure dimensions: 14.94 days, width: 4947 px (125.6 cm)

=== Creating Chart 1: Comprehensive Time Series ===
Chart 1 saved to: plots/ethereum/volatility/crvUSD_ZCHF_volatility_timeseries.png

=== Creating Chart 2: Correlation Scatter Plots ===
Chart 2 saved to: plots/ethereum/volatility/crvUSD_ZCHF_volatility_correlations.png

=== Creating Chart 3: Distribution Analysis ===
Chart 3 saved to: plots/ethereum/volatility/crvUSD_ZCHF_volatility_distributions.png

============================================================
Analysis complete for crvUSD/ZCHF
All charts saved to: plots/ethereum/volatility
============================================================
  ✓ Success

[10/12] Analyzing pool index 9...
  Pool: USDC/EURC A50-5 (base)
fxswaps_path: /home/user/fxswap-research/config/fxswaps.json
Loaded 12 pools from fxswaps.json
Analyzing pool: USDC/EURC A50-5
token0_decimals: 6, token1_decimals: 18
Found 782 price entries
Found 782 donation entries
Found 782 supply/TVL entries

=== Correlation Analysis ===
Correlation matrix shape: (780, 7)

Correlation Matrix:
                     volatility_std  ...  rebalance_count_7d
volatility_std             1.000000  ...           -0.166074
volatility_realized        0.061936  ...            0.745758
volatility_range          -0.033864  ...            0.690911
delta_abs_ma              -0.007439  ...            0.499657
cost_usd_7d               -0.181445  ...            0.911202
cost_pct_tvl_7d           -0.181313  ...            0.909355
rebalance_count_7d        -0.166074  ...            1.000000

[7 rows x 7 columns]

=== Key Correlations ===
Volatility (Std) vs Cost/TVL: -0.181
Volatility (Std) vs Rebalance Frequency: -0.166
Price Delta (abs) vs Cost/TVL: 0.570

=== Summary Statistics ===

Price Statistics:
  Mean Price: $1157560966187.5903
  Price Range: $1155000000000.0000 - $1159376720703.3176
  Mean 7D Volatility (Std): 0.11%
  Mean 7D Volatility (Realized): 1.94%
  Mean 7D Price Range: 0.26%

Rebalancing Cost Statistics:
  Total Rebalancing Events: 22
  Total Cost (USD): $221974378325.28
  Average Cost per Event: $10089744469.33
  Mean TVL: $4912459884872020.00
  Total Cost as % of Mean TVL: 0.0045%

Figure dimensions: 1.81 days, width: 598 px (30.0 cm)

=== Creating Chart 1: Comprehensive Time Series ===
Chart 1 saved to: plots/base/volatility/USDC_EURCA50-5_volatility_timeseries.png

=== Creating Chart 2: Correlation Scatter Plots ===
Chart 2 saved to: plots/base/volatility/USDC_EURCA50-5_volatility_correlations.png

=== Creating Chart 3: Distribution Analysis ===
Chart 3 saved to: plots/base/volatility/USDC_EURCA50-5_volatility_distributions.png

============================================================
Analysis complete for USDC/EURC A50-5
All charts saved to: plots/base/volatility
============================================================
  ✓ Success

[11/12] Analyzing pool index 10...
  Pool: USDC/BRZ (base)
fxswaps_path: /home/user/fxswap-research/config/fxswaps.json
Loaded 12 pools from fxswaps.json
Analyzing pool: USDC/BRZ
token0_decimals: 6, token1_decimals: 18
Found 3389 price entries
Found 3389 donation entries
Found 3389 supply/TVL entries

=== Correlation Analysis ===
Correlation matrix shape: (3387, 7)

Correlation Matrix:
                     volatility_std  ...  rebalance_count_7d
volatility_std             1.000000  ...           -0.061669
volatility_realized        0.232834  ...            0.873585
volatility_range           0.049453  ...            0.930764
delta_abs_ma               0.264311  ...           -0.320156
cost_usd_7d                0.097635  ...            0.951078
cost_pct_tvl_7d            0.098181  ...            0.950760
rebalance_count_7d        -0.061669  ...            1.000000

[7 rows x 7 columns]

=== Key Correlations ===
Volatility (Std) vs Cost/TVL: 0.098
Volatility (Std) vs Rebalance Frequency: -0.062
Price Delta (abs) vs Cost/TVL: -0.225

=== Summary Statistics ===

Price Statistics:
  Mean Price: $0.1858
  Price Range: $0.1844 - $0.1872
  Mean 7D Volatility (Std): 0.28%
  Mean 7D Volatility (Realized): 10.92%
  Mean 7D Price Range: 0.89%

Rebalancing Cost Statistics:
  Total Rebalancing Events: 15
  Total Cost (USD): $8.11
  Average Cost per Event: $0.54
  Mean TVL: $19994.38
  Total Cost as % of Mean TVL: 0.0406%

Figure dimensions: 7.84 days, width: 2596 px (65.9 cm)

=== Creating Chart 1: Comprehensive Time Series ===
Chart 1 saved to: plots/base/volatility/USDC_BRZ_volatility_timeseries.png

=== Creating Chart 2: Correlation Scatter Plots ===
Chart 2 saved to: plots/base/volatility/USDC_BRZ_volatility_correlations.png

=== Creating Chart 3: Distribution Analysis ===
Chart 3 saved to: plots/base/volatility/USDC_BRZ_volatility_distributions.png

============================================================
Analysis complete for USDC/BRZ
All charts saved to: plots/base/volatility
============================================================
  ✓ Success

[12/12] Analyzing pool index 11...
  Pool: USDC/IDRX (base)
fxswaps_path: /home/user/fxswap-research/config/fxswaps.json
Loaded 12 pools from fxswaps.json
Analyzing pool: USDC/IDRX
token0_decimals: 6, token1_decimals: 18
Found 3005 price entries
Found 3005 donation entries
Found 3005 supply/TVL entries

=== Correlation Analysis ===
Correlation matrix shape: (3003, 7)

Correlation Matrix:
                     volatility_std  ...  rebalance_count_7d
volatility_std             1.000000  ...           -0.276916
volatility_realized        0.585127  ...            0.505285
volatility_range           0.589704  ...            0.501523
delta_abs_ma               0.196664  ...           -0.812807
cost_usd_7d                0.613871  ...            0.493954
cost_pct_tvl_7d            0.618440  ...            0.489192
rebalance_count_7d        -0.276916  ...            1.000000

[7 rows x 7 columns]

=== Key Correlations ===
Volatility (Std) vs Cost/TVL: 0.618
Volatility (Std) vs Rebalance Frequency: -0.277
Price Delta (abs) vs Cost/TVL: -0.630

=== Summary Statistics ===

Price Statistics:
  Mean Price: $0.0001
  Price Range: $0.0001 - $0.0001
  Mean 7D Volatility (Std): 0.68%
  Mean 7D Volatility (Realized): 23.91%
  Mean 7D Price Range: 1.18%

Rebalancing Cost Statistics:
  Total Rebalancing Events: 22
  Total Cost (USD): $3.16
  Average Cost per Event: $0.14
  Mean TVL: $7345.04
  Total Cost as % of Mean TVL: 0.0430%

Figure dimensions: 6.95 days, width: 2302 px (58.5 cm)

=== Creating Chart 1: Comprehensive Time Series ===
Chart 1 saved to: plots/base/volatility/USDC_IDRX_volatility_timeseries.png

=== Creating Chart 2: Correlation Scatter Plots ===
Chart 2 saved to: plots/base/volatility/USDC_IDRX_volatility_correlations.png

=== Creating Chart 3: Distribution Analysis ===
Chart 3 saved to: plots/base/volatility/USDC_IDRX_volatility_distributions.png

============================================================
Analysis complete for USDC/IDRX
All charts saved to: plots/base/volatility
============================================================
  ✓ Success

==========================================
Analysis Complete
==========================================
Successful: 12
Failed: 0
Total: 12

Charts saved to:
  - plots/base/volatility/
  - plots/ethereum/volatility/
==========================================
